[0.014s] Invoking command in '/home/mikrobagger/lidar_ws/build/rplidar_ros': CMAKE_PREFIX_PATH=${CMAKE_PREFIX_PATH}:/home/mikrobagger/dev_ws/install/comm_py:/opt/ros/foxy /usr/bin/cmake /home/mikrobagger/lidar_ws/src/rplidar_ros -DAMENT_CMAKE_SYMLINK_INSTALL=1 -DCMAKE_INSTALL_PREFIX=/home/mikrobagger/lidar_ws/install/rplidar_ros
[0.075s] -- The C compiler identification is GNU 9.4.0
[0.132s] -- The CXX compiler identification is GNU 9.4.0
[0.136s] -- Check for working C compiler: /usr/bin/cc
[0.208s] -- Check for working C compiler: /usr/bin/cc -- works
[0.208s] -- Detecting C compiler ABI info
[0.284s] -- Detecting C compiler ABI info - done
[0.295s] -- Detecting C compile features
[0.296s] -- Detecting C compile features - done
[0.298s] -- Check for working CXX compiler: /usr/bin/c++
[0.379s] -- Check for working CXX compiler: /usr/bin/c++ -- works
[0.381s] -- Detecting CXX compiler ABI info
[0.462s] -- Detecting CXX compiler ABI info - done
[0.474s] -- Detecting CXX compile features
[0.475s] -- Detecting CXX compile features - done
[0.479s] -- Found ament_cmake: 0.9.12 (/opt/ros/foxy/share/ament_cmake/cmake)
[0.505s] -- Found PythonInterp: /usr/bin/python3 (found suitable version "3.8.10", minimum required is "3") 
[0.505s] -- Using PYTHON_EXECUTABLE: /usr/bin/python3
[0.677s] -- Override CMake install command with custom implementation using symlinks instead of copying resources
[0.707s] -- Found rclcpp: 2.4.3 (/opt/ros/foxy/share/rclcpp/cmake)
[0.761s] -- Using all available rosidl_typesupport_c: rosidl_typesupport_fastrtps_c;rosidl_typesupport_introspection_c
[0.769s] -- Found rosidl_adapter: 1.3.1 (/opt/ros/foxy/share/rosidl_adapter/cmake)
[0.850s] -- Found OpenSSL: /usr/lib/x86_64-linux-gnu/libcrypto.so (found version "1.1.1f")  
[0.870s] -- Found FastRTPS: /opt/ros/foxy/include  
[0.947s] -- Using all available rosidl_typesupport_cpp: rosidl_typesupport_fastrtps_cpp;rosidl_typesupport_introspection_cpp
[1.011s] -- Found rmw_implementation_cmake: 1.0.4 (/opt/ros/foxy/share/rmw_implementation_cmake/cmake)
[1.013s] -- Using RMW implementation 'rmw_fastrtps_cpp' as default
[1.015s] -- Looking for pthread.h
[1.094s] -- Looking for pthread.h - found
[1.094s] -- Performing Test CMAKE_HAVE_LIBC_PTHREAD
[1.171s] -- Performing Test CMAKE_HAVE_LIBC_PTHREAD - Failed
[1.171s] -- Looking for pthread_create in pthreads
[1.233s] -- Looking for pthread_create in pthreads - not found
[1.233s] -- Looking for pthread_create in pthread
[1.307s] -- Looking for pthread_create in pthread - found
[1.308s] -- Found Threads: TRUE  
[1.477s] -- Found sensor_msgs: 2.0.5 (/opt/ros/foxy/share/sensor_msgs/cmake)
[1.602s] -- Found std_srvs: 2.0.5 (/opt/ros/foxy/share/std_srvs/cmake)
[1.685s] -- Configuring done
[1.703s] -- Generating done
[1.705s] -- Build files have been written to: /home/mikrobagger/lidar_ws/build/rplidar_ros
[1.712s] Invoked command in '/home/mikrobagger/lidar_ws/build/rplidar_ros' returned '0': CMAKE_PREFIX_PATH=${CMAKE_PREFIX_PATH}:/home/mikrobagger/dev_ws/install/comm_py:/opt/ros/foxy /usr/bin/cmake /home/mikrobagger/lidar_ws/src/rplidar_ros -DAMENT_CMAKE_SYMLINK_INSTALL=1 -DCMAKE_INSTALL_PREFIX=/home/mikrobagger/lidar_ws/install/rplidar_ros
[1.715s] Invoking command in '/home/mikrobagger/lidar_ws/build/rplidar_ros': CMAKE_PREFIX_PATH=${CMAKE_PREFIX_PATH}:/home/mikrobagger/dev_ws/install/comm_py:/opt/ros/foxy /usr/bin/cmake --build /home/mikrobagger/lidar_ws/build/rplidar_ros -- -j4 -l4
[1.759s] [35m[1mScanning dependencies of target rplidar_client[0m
[1.759s] [35m[1mScanning dependencies of target rplidar_node[0m
[1.759s] [35m[1mScanning dependencies of target rplidar_composition[0m
[1.838s] [  7%] [32mBuilding CXX object CMakeFiles/rplidar_node.dir/src/rplidar_node.cpp.o[0m
[1.838s] [  7%] [32mBuilding CXX object CMakeFiles/rplidar_client.dir/src/rplidar_client.cpp.o[0m
[1.845s] [ 11%] [32mBuilding CXX object CMakeFiles/rplidar_composition.dir/src/rplidar_node.cpp.o[0m
[1.847s] [ 15%] [32mBuilding CXX object CMakeFiles/rplidar_node.dir/sdk/src/arch/linux/net_serial.cpp.o[0m
[2.139s] [01m[K/home/mikrobagger/lidar_ws/src/rplidar_ros/sdk/src/arch/linux/net_serial.cpp:[m[K In member function ‘[01m[Kbool rp::arch::net::raw_serial::open(const char*, uint32_t, uint32_t)[m[K’:
[2.139s] [01m[K/home/mikrobagger/lidar_ws/src/rplidar_ros/sdk/src/arch/linux/net_serial.cpp:97:74:[m[K [01;35m[Kwarning: [m[Kunused parameter ‘[01m[Kflags[m[K’ [[01;35m[K-Wunused-parameter[m[K]
[2.139s]    97 | bool raw_serial::open(const char * portname, uint32_t baudrate, [01;35m[Kuint32_t flags[m[K)
[2.139s]       |                                                                 [01;35m[K~~~~~~~~~^~~~~[m[K
[2.139s] [01m[K/home/mikrobagger/lidar_ws/src/rplidar_ros/sdk/src/arch/linux/net_serial.cpp:[m[K In member function ‘[01m[Kvirtual void rp::arch::net::raw_serial::flush(_u32)[m[K’:
[2.139s] [01m[K/home/mikrobagger/lidar_ws/src/rplidar_ros/sdk/src/arch/linux/net_serial.cpp:281:30:[m[K [01;35m[Kwarning: [m[Kunused parameter ‘[01m[Kflags[m[K’ [[01;35m[K-Wunused-parameter[m[K]
[2.139s]   281 | void raw_serial::flush( [01;35m[K_u32 flags[m[K)
[2.140s]       |                         [01;35m[K~~~~~^~~~~[m[K
[2.140s] [01m[K/home/mikrobagger/lidar_ws/src/rplidar_ros/sdk/src/arch/linux/net_serial.cpp:[m[K In member function ‘[01m[Kvirtual int rp::arch::net::raw_serial::waitforsent(_u32, size_t*)[m[K’:
[2.140s] [01m[K/home/mikrobagger/lidar_ws/src/rplidar_ros/sdk/src/arch/linux/net_serial.cpp:286:34:[m[K [01;35m[Kwarning: [m[Kunused parameter ‘[01m[Ktimeout[m[K’ [[01;35m[K-Wunused-parameter[m[K]
[2.140s]   286 | int raw_serial::waitforsent([01;35m[K_u32 timeout[m[K, size_t * returned_size)
[2.140s]       |                             [01;35m[K~~~~~^~~~~~~[m[K
[2.140s] [01m[K/home/mikrobagger/lidar_ws/src/rplidar_ros/sdk/src/arch/linux/net_serial.cpp:[m[K In member function ‘[01m[Kvirtual int rp::arch::net::raw_serial::waitforrecv(_u32, size_t*)[m[K’:
[2.140s] [01m[K/home/mikrobagger/lidar_ws/src/rplidar_ros/sdk/src/arch/linux/net_serial.cpp:292:34:[m[K [01;35m[Kwarning: [m[Kunused parameter ‘[01m[Ktimeout[m[K’ [[01;35m[K-Wunused-parameter[m[K]
[2.140s]   292 | int raw_serial::waitforrecv([01;35m[K_u32 timeout[m[K, size_t * returned_size)
[2.140s]       |                             [01;35m[K~~~~~^~~~~~~[m[K
[2.220s] [ 19%] [32mBuilding CXX object CMakeFiles/rplidar_composition.dir/sdk/src/arch/linux/net_serial.cpp.o[0m
[2.494s] [01m[K/home/mikrobagger/lidar_ws/src/rplidar_ros/sdk/src/arch/linux/net_serial.cpp:[m[K In member function ‘[01m[Kbool rp::arch::net::raw_serial::open(const char*, uint32_t, uint32_t)[m[K’:
[2.494s] [01m[K/home/mikrobagger/lidar_ws/src/rplidar_ros/sdk/src/arch/linux/net_serial.cpp:97:74:[m[K [01;35m[Kwarning: [m[Kunused parameter ‘[01m[Kflags[m[K’ [[01;35m[K-Wunused-parameter[m[K]
[2.494s]    97 | bool raw_serial::open(const char * portname, uint32_t baudrate, [01;35m[Kuint32_t flags[m[K)
[2.494s]       |                                                                 [01;35m[K~~~~~~~~~^~~~~[m[K
[2.495s] [01m[K/home/mikrobagger/lidar_ws/src/rplidar_ros/sdk/src/arch/linux/net_serial.cpp:[m[K In member function ‘[01m[Kvirtual void rp::arch::net::raw_serial::flush(_u32)[m[K’:
[2.495s] [01m[K/home/mikrobagger/lidar_ws/src/rplidar_ros/sdk/src/arch/linux/net_serial.cpp:281:30:[m[K [01;35m[Kwarning: [m[Kunused parameter ‘[01m[Kflags[m[K’ [[01;35m[K-Wunused-parameter[m[K]
[2.495s]   281 | void raw_serial::flush( [01;35m[K_u32 flags[m[K)
[2.495s]       |                         [01;35m[K~~~~~^~~~~[m[K
[2.495s] [01m[K/home/mikrobagger/lidar_ws/src/rplidar_ros/sdk/src/arch/linux/net_serial.cpp:[m[K In member function ‘[01m[Kvirtual int rp::arch::net::raw_serial::waitforsent(_u32, size_t*)[m[K’:
[2.495s] [01m[K/home/mikrobagger/lidar_ws/src/rplidar_ros/sdk/src/arch/linux/net_serial.cpp:286:34:[m[K [01;35m[Kwarning: [m[Kunused parameter ‘[01m[Ktimeout[m[K’ [[01;35m[K-Wunused-parameter[m[K]
[2.495s]   286 | int raw_serial::waitforsent([01;35m[K_u32 timeout[m[K, size_t * returned_size)
[2.496s]       |                             [01;35m[K~~~~~^~~~~~~[m[K
[2.496s] [01m[K/home/mikrobagger/lidar_ws/src/rplidar_ros/sdk/src/arch/linux/net_serial.cpp:[m[K In member function ‘[01m[Kvirtual int rp::arch::net::raw_serial::waitforrecv(_u32, size_t*)[m[K’:
[2.496s] [01m[K/home/mikrobagger/lidar_ws/src/rplidar_ros/sdk/src/arch/linux/net_serial.cpp:292:34:[m[K [01;35m[Kwarning: [m[Kunused parameter ‘[01m[Ktimeout[m[K’ [[01;35m[K-Wunused-parameter[m[K]
[2.496s]   292 | int raw_serial::waitforrecv([01;35m[K_u32 timeout[m[K, size_t * returned_size)
[2.496s]       |                             [01;35m[K~~~~~^~~~~~~[m[K
[2.573s] [ 23%] [32mBuilding CXX object CMakeFiles/rplidar_composition.dir/sdk/src/arch/linux/net_socket.cpp.o[0m
[2.852s] In file included from [01m[K/home/mikrobagger/lidar_ws/src/rplidar_ros/./sdk/include/rplidar_protocol.h:36[m[K,
[2.852s]                  from [01m[K/home/mikrobagger/lidar_ws/src/rplidar_ros/./sdk/include/rplidar.h:39[m[K,
[2.852s]                  from [01m[K/home/mikrobagger/lidar_ws/src/rplidar_ros/./sdk/src/sdkcommon.h:49[m[K,
[2.852s]                  from [01m[K/home/mikrobagger/lidar_ws/src/rplidar_ros/sdk/src/arch/linux/net_socket.cpp:10[m[K:
[2.852s] [01m[K/home/mikrobagger/lidar_ws/src/rplidar_ros/./sdk/include/sl_lidar_protocol.h:58:16:[m[K [01;35m[Kwarning: [m[KISO C++ forbids zero-size array ‘[01m[Kdata[m[K’ [[01;35m[K-Wpedantic[m[K]
[2.852s]    58 |     sl_u8 data[[01;35m[K0[m[K];
[2.852s]       |                [01;35m[K^[m[K
[2.852s] In file included from [01m[K/home/mikrobagger/lidar_ws/src/rplidar_ros/./sdk/include/rplidar_cmd.h:36[m[K,
[2.852s]                  from [01m[K/home/mikrobagger/lidar_ws/src/rplidar_ros/./sdk/include/rplidar.h:40[m[K,
[2.853s]                  from [01m[K/home/mikrobagger/lidar_ws/src/rplidar_ros/./sdk/src/sdkcommon.h:49[m[K,
[2.853s]                  from [01m[K/home/mikrobagger/lidar_ws/src/rplidar_ros/sdk/src/arch/linux/net_socket.cpp:10[m[K:
[2.853s] [01m[K/home/mikrobagger/lidar_ws/src/rplidar_ros/./sdk/include/sl_lidar_cmd.h:312:20:[m[K [01;35m[Kwarning: [m[KISO C++ forbids zero-size array ‘[01m[Kpayload[m[K’ [[01;35m[K-Wpedantic[m[K]
[2.853s]   312 |     sl_u8  payload[[01;35m[K0[m[K];
[2.853s]       |                    [01;35m[K^[m[K
[3.062s] [ 26%] [32mBuilding CXX object CMakeFiles/rplidar_composition.dir/sdk/src/arch/linux/timer.cpp.o[0m
[3.194s] In file included from [01m[K/home/mikrobagger/lidar_ws/src/rplidar_ros/./sdk/include/sl_lidar_cmd.h:36[m[K,
[3.194s]                  from [01m[K/home/mikrobagger/lidar_ws/src/rplidar_ros/./sdk/include/sl_lidar_driver.h:54[m[K,
[3.194s]                  from [01m[K/home/mikrobagger/lidar_ws/src/rplidar_ros/./sdk/include/sl_lidar.h:36[m[K,
[3.195s]                  from [01m[K/home/mikrobagger/lidar_ws/src/rplidar_ros/src/rplidar_node.cpp:38[m[K:
[3.195s] [01m[K/home/mikrobagger/lidar_ws/src/rplidar_ros/./sdk/include/sl_lidar_protocol.h:58:16:[m[K [01;35m[Kwarning: [m[KISO C++ forbids zero-size array ‘[01m[Kdata[m[K’ [[01;35m[K-Wpedantic[m[K]
[3.195s]    58 |     sl_u8 data[[01;35m[K0[m[K];
[3.195s]       |                [01;35m[K^[m[K
[3.195s] In file included from [01m[K/home/mikrobagger/lidar_ws/src/rplidar_ros/./sdk/include/sl_lidar_driver.h:54[m[K,
[3.195s]                  from [01m[K/home/mikrobagger/lidar_ws/src/rplidar_ros/./sdk/include/sl_lidar.h:36[m[K,
[3.195s]                  from [01m[K/home/mikrobagger/lidar_ws/src/rplidar_ros/src/rplidar_node.cpp:38[m[K:
[3.195s] [01m[K/home/mikrobagger/lidar_ws/src/rplidar_ros/./sdk/include/sl_lidar_cmd.h:312:20:[m[K [01;35m[Kwarning: [m[KISO C++ forbids zero-size array ‘[01m[Kpayload[m[K’ [[01;35m[K-Wpedantic[m[K]
[3.195s]   312 |     sl_u8  payload[[01;35m[K0[m[K];
[3.195s]       |                    [01;35m[K^[m[K
[3.195s] In file included from [01m[K/home/mikrobagger/lidar_ws/src/rplidar_ros/./sdk/include/sl_lidar_cmd.h:36[m[K,
[3.195s]                  from [01m[K/home/mikrobagger/lidar_ws/src/rplidar_ros/./sdk/include/sl_lidar_driver.h:54[m[K,
[3.195s]                  from [01m[K/home/mikrobagger/lidar_ws/src/rplidar_ros/./sdk/include/sl_lidar.h:36[m[K,
[3.195s]                  from [01m[K/home/mikrobagger/lidar_ws/src/rplidar_ros/src/rplidar_node.cpp:38[m[K:
[3.196s] [01m[K/home/mikrobagger/lidar_ws/src/rplidar_ros/./sdk/include/sl_lidar_protocol.h:58:16:[m[K [01;35m[Kwarning: [m[KISO C++ forbids zero-size array ‘[01m[Kdata[m[K’ [[01;35m[K-Wpedantic[m[K]
[3.196s]    58 |     sl_u8 data[[01;35m[K0[m[K];
[3.196s]       |                [01;35m[K^[m[K
[3.196s] In file included from [01m[K/home/mikrobagger/lidar_ws/src/rplidar_ros/./sdk/include/sl_lidar_driver.h:54[m[K,
[3.196s]                  from [01m[K/home/mikrobagger/lidar_ws/src/rplidar_ros/./sdk/include/sl_lidar.h:36[m[K,
[3.196s]                  from [01m[K/home/mikrobagger/lidar_ws/src/rplidar_ros/src/rplidar_node.cpp:38[m[K:
[3.196s] [01m[K/home/mikrobagger/lidar_ws/src/rplidar_ros/./sdk/include/sl_lidar_cmd.h:312:20:[m[K [01;35m[Kwarning: [m[KISO C++ forbids zero-size array ‘[01m[Kpayload[m[K’ [[01;35m[K-Wpedantic[m[K]
[3.196s]   312 |     sl_u8  payload[[01;35m[K0[m[K];
[3.196s]       |                    [01;35m[K^[m[K
[3.358s] [ 30%] [32mBuilding CXX object CMakeFiles/rplidar_composition.dir/sdk/src/hal/thread.cpp.o[0m
[3.629s] In file included from [01m[K/home/mikrobagger/lidar_ws/src/rplidar_ros/./sdk/include/rplidar_protocol.h:36[m[K,
[3.629s]                  from [01m[K/home/mikrobagger/lidar_ws/src/rplidar_ros/./sdk/include/rplidar.h:39[m[K,
[3.629s]                  from [01m[K/home/mikrobagger/lidar_ws/src/rplidar_ros/./sdk/src/sdkcommon.h:49[m[K,
[3.629s]                  from [01m[K/home/mikrobagger/lidar_ws/src/rplidar_ros/sdk/src/hal/thread.cpp:35[m[K:
[3.629s] [01m[K/home/mikrobagger/lidar_ws/src/rplidar_ros/./sdk/include/sl_lidar_protocol.h:58:16:[m[K [01;35m[Kwarning: [m[KISO C++ forbids zero-size array ‘[01m[Kdata[m[K’ [[01;35m[K-Wpedantic[m[K]
[3.629s]    58 |     sl_u8 data[[01;35m[K0[m[K];
[3.629s]       |                [01;35m[K^[m[K
[3.629s] In file included from [01m[K/home/mikrobagger/lidar_ws/src/rplidar_ros/./sdk/include/rplidar_cmd.h:36[m[K,
[3.630s]                  from [01m[K/home/mikrobagger/lidar_ws/src/rplidar_ros/./sdk/include/rplidar.h:40[m[K,
[3.630s]                  from [01m[K/home/mikrobagger/lidar_ws/src/rplidar_ros/./sdk/src/sdkcommon.h:49[m[K,
[3.630s]                  from [01m[K/home/mikrobagger/lidar_ws/src/rplidar_ros/sdk/src/hal/thread.cpp:35[m[K:
[3.630s] [01m[K/home/mikrobagger/lidar_ws/src/rplidar_ros/./sdk/include/sl_lidar_cmd.h:312:20:[m[K [01;35m[Kwarning: [m[KISO C++ forbids zero-size array ‘[01m[Kpayload[m[K’ [[01;35m[K-Wpedantic[m[K]
[3.630s]   312 |     sl_u8  payload[[01;35m[K0[m[K];
[3.630s]       |                    [01;35m[K^[m[K
[3.669s] In file included from [01m[K/home/mikrobagger/lidar_ws/src/rplidar_ros/sdk/src/hal/thread.cpp:43[m[K:
[3.670s] [01m[K/home/mikrobagger/lidar_ws/src/rplidar_ros/./sdk/src/arch/linux/thread.hpp:[m[K In static member function ‘[01m[Kstatic rp::hal::Thread rp::hal::Thread::create(thread_proc_t, void*)[m[K’:
[3.670s] [01m[K/home/mikrobagger/lidar_ws/src/rplidar_ros/./sdk/src/arch/linux/thread.hpp:48:77:[m[K [01;35m[Kwarning: [m[Kcast between incompatible function types from ‘[01m[Kthread_proc_t[m[K’ {aka ‘[01m[Klong unsigned int (*)(void*)[m[K’} to ‘[01m[Kvoid* (*)(void*)[m[K’ [[01;35m[K-Wcast-function-type[m[K]
[3.670s]    48 |     pthread_create((pthread_t *)&newborn._handle, NULL, (void * (*)(void *))[01;35m[Kproc[m[K, data);
[3.670s]       |                                                                             [01;35m[K^~~~[m[K
[3.670s] [01m[K/home/mikrobagger/lidar_ws/src/rplidar_ros/./sdk/src/arch/linux/thread.hpp:[m[K In member function ‘[01m[Ku_result rp::hal::Thread::join(long unsigned int)[m[K’:
[3.670s] [01m[K/home/mikrobagger/lidar_ws/src/rplidar_ros/./sdk/src/arch/linux/thread.hpp:129:37:[m[K [01;35m[Kwarning: [m[Kunused parameter ‘[01m[Ktimeout[m[K’ [[01;35m[K-Wunused-parameter[m[K]
[3.670s]   129 | u_result Thread::join([01;35m[Kunsigned long timeout[m[K)
[3.670s]       |                       [01;35m[K~~~~~~~~~~~~~~^~~~~~~[m[K
[3.729s] [ 34%] [32mBuilding CXX object CMakeFiles/rplidar_composition.dir/sdk/src/rplidar_driver.cpp.o[0m
[4.065s] In file included from [01m[K/home/mikrobagger/lidar_ws/src/rplidar_ros/./sdk/include/rplidar_protocol.h:36[m[K,
[4.065s]                  from [01m[K/home/mikrobagger/lidar_ws/src/rplidar_ros/./sdk/include/rplidar.h:39[m[K,
[4.065s]                  from [01m[K/home/mikrobagger/lidar_ws/src/rplidar_ros/sdk/src/sdkcommon.h:49[m[K,
[4.065s]                  from [01m[K/home/mikrobagger/lidar_ws/src/rplidar_ros/sdk/src/rplidar_driver.cpp:33[m[K:
[4.065s] [01m[K/home/mikrobagger/lidar_ws/src/rplidar_ros/./sdk/include/sl_lidar_protocol.h:58:16:[m[K [01;35m[Kwarning: [m[KISO C++ forbids zero-size array ‘[01m[Kdata[m[K’ [[01;35m[K-Wpedantic[m[K]
[4.066s]    58 |     sl_u8 data[[01;35m[K0[m[K];
[4.066s]       |                [01;35m[K^[m[K
[4.066s] In file included from [01m[K/home/mikrobagger/lidar_ws/src/rplidar_ros/./sdk/include/rplidar_cmd.h:36[m[K,
[4.066s]                  from [01m[K/home/mikrobagger/lidar_ws/src/rplidar_ros/./sdk/include/rplidar.h:40[m[K,
[4.066s]                  from [01m[K/home/mikrobagger/lidar_ws/src/rplidar_ros/sdk/src/sdkcommon.h:49[m[K,
[4.066s]                  from [01m[K/home/mikrobagger/lidar_ws/src/rplidar_ros/sdk/src/rplidar_driver.cpp:33[m[K:
[4.066s] [01m[K/home/mikrobagger/lidar_ws/src/rplidar_ros/./sdk/include/sl_lidar_cmd.h:312:20:[m[K [01;35m[Kwarning: [m[KISO C++ forbids zero-size array ‘[01m[Kpayload[m[K’ [[01;35m[K-Wpedantic[m[K]
[4.066s]   312 |     sl_u8  payload[[01;35m[K0[m[K];
[4.066s]       |                    [01;35m[K^[m[K
[4.147s] [01m[K/home/mikrobagger/lidar_ws/src/rplidar_ros/sdk/src/rplidar_driver.cpp:[m[K In member function ‘[01m[Ku_result rp::standalone::rplidar::RPlidarDriver::connect(const char*, _u32, _u32)[m[K’:
[4.148s] [01m[K/home/mikrobagger/lidar_ws/src/rplidar_ros/sdk/src/rplidar_driver.cpp:67:77:[m[K [01;35m[Kwarning: [m[Kunused parameter ‘[01m[Kflag[m[K’ [[01;35m[K-Wunused-parameter[m[K]
[4.148s]    67 |     u_result RPlidarDriver::connect(const char *path, _u32 portOrBaud, [01;35m[K_u32 flag[m[K)
[4.148s]       |                                                                        [01;35m[K~~~~~^~~~[m[K
[4.148s] [01m[K/home/mikrobagger/lidar_ws/src/rplidar_ros/sdk/src/rplidar_driver.cpp:[m[K In member function ‘[01m[Ku_result rp::standalone::rplidar::RPlidarDriver::reset(_u32)[m[K’:
[4.148s] [01m[K/home/mikrobagger/lidar_ws/src/rplidar_ros/sdk/src/rplidar_driver.cpp:101:40:[m[K [01;35m[Kwarning: [m[Kunused parameter ‘[01m[Ktimeout[m[K’ [[01;35m[K-Wunused-parameter[m[K]
[4.148s]   101 |     u_result RPlidarDriver::reset([01;35m[K_u32 timeout[m[K)
[4.148s]       |                                   [01;35m[K~~~~~^~~~~~~[m[K
[4.149s] [01m[K/home/mikrobagger/lidar_ws/src/rplidar_ros/sdk/src/rplidar_driver.cpp:[m[K In member function ‘[01m[Ku_result rp::standalone::rplidar::RPlidarDriver::getScanDataWithInterval(rplidar_response_measurement_node_t*, size_t&)[m[K’:
[4.149s] [01m[K/home/mikrobagger/lidar_ws/src/rplidar_ros/sdk/src/rplidar_driver.cpp:180:91:[m[K [01;35m[Kwarning: [m[Kunused parameter ‘[01m[Knodebuffer[m[K’ [[01;35m[K-Wunused-parameter[m[K]
[4.149s]   180 |     u_result RPlidarDriver::getScanDataWithInterval([01;35m[Krplidar_response_measurement_node_t * nodebuffer[m[K, size_t & count)
[4.149s]       |                                                     [01;35m[K~~~~~~~~~~~~~~~~~~~~~~~~~~~~~~~~~~~~~~^~~~~~~~~~[m[K
[4.149s] [01m[K/home/mikrobagger/lidar_ws/src/rplidar_ros/sdk/src/rplidar_driver.cpp:180:112:[m[K [01;35m[Kwarning: [m[Kunused parameter ‘[01m[Kcount[m[K’ [[01;35m[K-Wunused-parameter[m[K]
[4.149s]   180 |     u_result RPlidarDriver::getScanDataWithInterval(rplidar_response_measurement_node_t * nodebuffer, [01;35m[Ksize_t & count[m[K)
[4.149s]       |                                                                                                       [01;35m[K~~~~~~~~~^~~~~[m[K
[4.229s] [ 38%] [32mBuilding CXX object CMakeFiles/rplidar_composition.dir/sdk/src/sl_crc.cpp.o[0m
[4.245s] In file included from [01m[K/home/mikrobagger/lidar_ws/src/rplidar_ros/./sdk/include/sl_lidar_cmd.h:36[m[K,
[4.245s]                  from [01m[K/home/mikrobagger/lidar_ws/src/rplidar_ros/./sdk/include/sl_crc.h:36[m[K,
[4.245s]                  from [01m[K/home/mikrobagger/lidar_ws/src/rplidar_ros/sdk/src/sl_crc.cpp:33[m[K:
[4.245s] [01m[K/home/mikrobagger/lidar_ws/src/rplidar_ros/./sdk/include/sl_lidar_protocol.h:58:16:[m[K [01;35m[Kwarning: [m[KISO C++ forbids zero-size array ‘[01m[Kdata[m[K’ [[01;35m[K-Wpedantic[m[K]
[4.245s]    58 |     sl_u8 data[[01;35m[K0[m[K];
[4.245s]       |                [01;35m[K^[m[K
[4.246s] In file included from [01m[K/home/mikrobagger/lidar_ws/src/rplidar_ros/./sdk/include/sl_crc.h:36[m[K,
[4.246s]                  from [01m[K/home/mikrobagger/lidar_ws/src/rplidar_ros/sdk/src/sl_crc.cpp:33[m[K:
[4.246s] [01m[K/home/mikrobagger/lidar_ws/src/rplidar_ros/./sdk/include/sl_lidar_cmd.h:312:20:[m[K [01;35m[Kwarning: [m[KISO C++ forbids zero-size array ‘[01m[Kpayload[m[K’ [[01;35m[K-Wpedantic[m[K]
[4.246s]   312 |     sl_u8  payload[[01;35m[K0[m[K];
[4.246s]       |                    [01;35m[K^[m[K
[4.273s] [ 42%] [32mBuilding CXX object CMakeFiles/rplidar_composition.dir/sdk/src/sl_lidar_driver.cpp.o[0m
[4.580s] In file included from [01m[K/home/mikrobagger/lidar_ws/src/rplidar_ros/./sdk/include/rplidar_protocol.h:36[m[K,
[4.580s]                  from [01m[K/home/mikrobagger/lidar_ws/src/rplidar_ros/./sdk/include/rplidar.h:39[m[K,
[4.580s]                  from [01m[K/home/mikrobagger/lidar_ws/src/rplidar_ros/sdk/src/sdkcommon.h:49[m[K,
[4.580s]                  from [01m[K/home/mikrobagger/lidar_ws/src/rplidar_ros/sdk/src/sl_lidar_driver.cpp:33[m[K:
[4.580s] [01m[K/home/mikrobagger/lidar_ws/src/rplidar_ros/./sdk/include/sl_lidar_protocol.h:58:16:[m[K [01;35m[Kwarning: [m[KISO C++ forbids zero-size array ‘[01m[Kdata[m[K’ [[01;35m[K-Wpedantic[m[K]
[4.580s]    58 |     sl_u8 data[[01;35m[K0[m[K];
[4.580s]       |                [01;35m[K^[m[K
[4.580s] In file included from [01m[K/home/mikrobagger/lidar_ws/src/rplidar_ros/./sdk/include/rplidar_cmd.h:36[m[K,
[4.580s]                  from [01m[K/home/mikrobagger/lidar_ws/src/rplidar_ros/./sdk/include/rplidar.h:40[m[K,
[4.581s]                  from [01m[K/home/mikrobagger/lidar_ws/src/rplidar_ros/sdk/src/sdkcommon.h:49[m[K,
[4.581s]                  from [01m[K/home/mikrobagger/lidar_ws/src/rplidar_ros/sdk/src/sl_lidar_driver.cpp:33[m[K:
[4.581s] [01m[K/home/mikrobagger/lidar_ws/src/rplidar_ros/./sdk/include/sl_lidar_cmd.h:312:20:[m[K [01;35m[Kwarning: [m[KISO C++ forbids zero-size array ‘[01m[Kpayload[m[K’ [[01;35m[K-Wpedantic[m[K]
[4.581s]   312 |     sl_u8  payload[[01;35m[K0[m[K];
[4.581s]       |                    [01;35m[K^[m[K
[4.656s] [01m[K/home/mikrobagger/lidar_ws/src/rplidar_ros/sdk/src/sl_lidar_driver.cpp:[m[K In member function ‘[01m[Kvirtual sl_result sl::SlamtecLidarDriver::reset(sl_u32)[m[K’:
[4.656s] [01m[K/home/mikrobagger/lidar_ws/src/rplidar_ros/sdk/src/sl_lidar_driver.cpp:274:32:[m[K [01;35m[Kwarning: [m[Kunused parameter ‘[01m[KtimeoutInMs[m[K’ [[01;35m[K-Wunused-parameter[m[K]
[4.656s]   274 |         sl_result reset([01;35m[Ksl_u32 timeoutInMs = DEFAULT_TIMEOUT[m[K)
[4.656s]       |                         [01;35m[K~~~~~~~^~~~~~~~~~~~~~~~~~~~~~~~~~~~~[m[K
[4.659s] [01m[K/home/mikrobagger/lidar_ws/src/rplidar_ros/sdk/src/sl_lidar_driver.cpp:[m[K In member function ‘[01m[Kvirtual sl_result sl::SlamtecLidarDriver::getAllSupportedScanModes(std::vector<sl::LidarScanMode>&, sl_u32)[m[K’:
[4.659s] [01m[K/home/mikrobagger/lidar_ws/src/rplidar_ros/sdk/src/sl_lidar_driver.cpp:287:89:[m[K [01;35m[Kwarning: [m[Kunused parameter ‘[01m[KtimeoutInMs[m[K’ [[01;35m[K-Wunused-parameter[m[K]
[4.659s]   287 |         sl_result getAllSupportedScanModes(std::vector<LidarScanMode>& outModes, [01;35m[Ksl_u32 timeoutInMs = DEFAULT_TIMEOUT[m[K)
[4.659s]       |                                                                                  [01;35m[K~~~~~~~^~~~~~~~~~~~~~~~~~~~~~~~~~~~~[m[K
[4.660s] [01m[K/home/mikrobagger/lidar_ws/src/rplidar_ros/sdk/src/sl_lidar_driver.cpp:[m[K In member function ‘[01m[Kvirtual sl_result sl::SlamtecLidarDriver::startScan(bool, bool, sl_u32, sl::LidarScanMode*)[m[K’:
[4.660s] [01m[K/home/mikrobagger/lidar_ws/src/rplidar_ros/sdk/src/sl_lidar_driver.cpp:348:69:[m[K [01;35m[Kwarning: [m[Kunused parameter ‘[01m[Koptions[m[K’ [[01;35m[K-Wunused-parameter[m[K]
[4.660s]   348 |         sl_result startScan(bool force, bool useTypicalScan, [01;35m[Ksl_u32 options = 0[m[K, LidarScanMode* outUsedScanMode = nullptr)
[4.660s]       |                                                              [01;35m[K~~~~~~~^~~~~~~~~~~[m[K
[4.663s] [01m[K/home/mikrobagger/lidar_ws/src/rplidar_ros/sdk/src/sl_lidar_driver.cpp:[m[K In member function ‘[01m[Kvirtual sl_result sl::SlamtecLidarDriver::stop(sl_u32)[m[K’:
[4.663s] [01m[K/home/mikrobagger/lidar_ws/src/rplidar_ros/sdk/src/sl_lidar_driver.cpp:543:31:[m[K [01;35m[Kwarning: [m[Kunused parameter ‘[01m[Ktimeout[m[K’ [[01;35m[K-Wunused-parameter[m[K]
[4.663s]   543 |         sl_result stop([01;35m[Ksl_u32 timeout = DEFAULT_TIMEOUT[m[K)
[4.663s]       |                        [01;35m[K~~~~~~~^~~~~~~~~~~~~~~~~~~~~~~~~[m[K
[4.664s] [01m[K/home/mikrobagger/lidar_ws/src/rplidar_ros/sdk/src/sl_lidar_driver.cpp:[m[K In member function ‘[01m[Kvirtual sl_result sl::SlamtecLidarDriver::getDeviceInfo(sl_lidar_response_device_info_t&, sl_u32)[m[K’:
[4.664s] [01m[K/home/mikrobagger/lidar_ws/src/rplidar_ros/sdk/src/sl_lidar_driver.cpp:588:79:[m[K [01;35m[Kwarning: [m[Kunused parameter ‘[01m[Ktimeout[m[K’ [[01;35m[K-Wunused-parameter[m[K]
[4.664s]   588 |         sl_result getDeviceInfo(sl_lidar_response_device_info_t& info, [01;35m[Ksl_u32 timeout = DEFAULT_TIMEOUT[m[K)
[4.664s]       |                                                                        [01;35m[K~~~~~~~^~~~~~~~~~~~~~~~~~~~~~~~~[m[K
[4.664s] [01m[K/home/mikrobagger/lidar_ws/src/rplidar_ros/sdk/src/sl_lidar_driver.cpp:[m[K In member function ‘[01m[Kvirtual sl_result sl::SlamtecLidarDriver::checkMotorCtrlSupport(sl::MotorCtrlSupport&, sl_u32)[m[K’:
[4.665s] [01m[K/home/mikrobagger/lidar_ws/src/rplidar_ros/sdk/src/sl_lidar_driver.cpp:601:76:[m[K [01;35m[Kwarning: [m[Kunused parameter ‘[01m[Ktimeout[m[K’ [[01;35m[K-Wunused-parameter[m[K]
[4.665s]   601 |         sl_result checkMotorCtrlSupport(MotorCtrlSupport & support, [01;35m[Ksl_u32 timeout = DEFAULT_TIMEOUT[m[K)
[4.665s]       |                                                                     [01;35m[K~~~~~~~^~~~~~~~~~~~~~~~~~~~~~~~~[m[K
[4.665s] [01m[K/home/mikrobagger/lidar_ws/src/rplidar_ros/sdk/src/sl_lidar_driver.cpp:[m[K In member function ‘[01m[Kvirtual sl_result sl::SlamtecLidarDriver::getFrequency(const sl::LidarScanMode&, const sl_lidar_response_measurement_node_hq_t*, size_t, float&)[m[K’:
[4.665s] [01m[K/home/mikrobagger/lidar_ws/src/rplidar_ros/sdk/src/sl_lidar_driver.cpp:636:110:[m[K [01;35m[Kwarning: [m[Kunused parameter ‘[01m[Knodes[m[K’ [[01;35m[K-Wunused-parameter[m[K]
[4.665s]   636 |         sl_result getFrequency(const LidarScanMode& scanMode, [01;35m[Kconst sl_lidar_response_measurement_node_hq_t* nodes[m[K, size_t count, float& frequency)
[4.665s]       |                                                               [01;35m[K~~~~~~~~~~~~~~~~~~~~~~~~~~~~~~~~~~~~~~~~~~~~~~~^~~~~[m[K
[4.666s] [01m[K/home/mikrobagger/lidar_ws/src/rplidar_ros/sdk/src/sl_lidar_driver.cpp:[m[K In member function ‘[01m[Kvirtual sl_result sl::SlamtecLidarDriver::getHealth(sl_lidar_response_device_health_t&, sl_u32)[m[K’:
[4.666s] [01m[K/home/mikrobagger/lidar_ws/src/rplidar_ros/sdk/src/sl_lidar_driver.cpp:662:79:[m[K [01;35m[Kwarning: [m[Kunused parameter ‘[01m[Ktimeout[m[K’ [[01;35m[K-Wunused-parameter[m[K]
[4.666s]   662 |         sl_result getHealth(sl_lidar_response_device_health_t& health, [01;35m[Ksl_u32 timeout = DEFAULT_TIMEOUT[m[K)
[4.666s]       |                                                                        [01;35m[K~~~~~~~^~~~~~~~~~~~~~~~~~~~~~~~~[m[K
[4.667s] [01m[K/home/mikrobagger/lidar_ws/src/rplidar_ros/sdk/src/sl_lidar_driver.cpp:[m[K In member function ‘[01m[Kvirtual sl_result sl::SlamtecLidarDriver::getMotorInfo(sl::LidarMotorInfo&, sl_u32)[m[K’:
[4.668s] [01m[K/home/mikrobagger/lidar_ws/src/rplidar_ros/sdk/src/sl_lidar_driver.cpp:760:66:[m[K [01;35m[Kwarning: [m[Kunused parameter ‘[01m[KtimeoutInMs[m[K’ [[01;35m[K-Wunused-parameter[m[K]
[4.668s]   760 |         sl_result getMotorInfo(LidarMotorInfo &motorInfo, [01;35m[Ksl_u32 timeoutInMs[m[K)
[4.668s]       |                                                           [01;35m[K~~~~~~~^~~~~~~~~~~[m[K
[4.675s] [01m[K/home/mikrobagger/lidar_ws/src/rplidar_ros/sdk/src/sl_lidar_driver.cpp:[m[K In member function ‘[01m[Kvoid sl::SlamtecLidarDriver::_ultraCapsuleToNormal(const sl_lidar_response_ultra_capsule_measurement_nodes_t&, sl_lidar_response_measurement_node_hq_t*, size_t&)[m[K’:
[4.675s] [01m[K/home/mikrobagger/lidar_ws/src/rplidar_ros/sdk/src/sl_lidar_driver.cpp:1399:40:[m[K [01;35m[Kwarning: [m[Kcomparison of integer expressions of different signedness: ‘[01m[Kint[m[K’ and ‘[01m[Kunsigned int[m[K’ [[01;35m[K-Wsign-compare[m[K]
[4.675s]  1399 |                     if (([01;35m[Kdist_predict1 == 0xFFFFFE00[m[K) || (dist_predict1 == 0x1FF)) {
[4.675s]       |                          [01;35m[K~~~~~~~~~~~~~~^~~~~~~~~~~~~[m[K
[4.675s] [01m[K/home/mikrobagger/lidar_ws/src/rplidar_ros/sdk/src/sl_lidar_driver.cpp:1408:40:[m[K [01;35m[Kwarning: [m[Kcomparison of integer expressions of different signedness: ‘[01m[Kint[m[K’ and ‘[01m[Kunsigned int[m[K’ [[01;35m[K-Wsign-compare[m[K]
[4.675s]  1408 |                     if (([01;35m[Kdist_predict2 == 0xFFFFFE00[m[K) || (dist_predict2 == 0x1FF)) {
[4.675s]       |                          [01;35m[K~~~~~~~~~~~~~~^~~~~~~~~~~~~[m[K
[4.678s] [01m[K/home/mikrobagger/lidar_ws/src/rplidar_ros/sdk/src/sl_lidar_driver.cpp:[m[K In member function ‘[01m[Kvoid sl::SlamtecLidarDriver::_dense_capsuleToNormal(const sl_lidar_response_capsule_measurement_nodes_t&, sl_lidar_response_measurement_node_hq_t*, size_t&)[m[K’:
[4.678s] [01m[K/home/mikrobagger/lidar_ws/src/rplidar_ros/sdk/src/sl_lidar_driver.cpp:1606:116:[m[K [01;35m[Kwarning: [m[Ktype qualifiers ignored on cast result type [[01;35m[K-Wignored-qualifiers[m[K]
[4.678s]  1606 |                     const int dist = static_cast<const int>(_cached_previous_dense_capsuledata.cabins[pos].distance[01;35m[K)[m[K;
[4.678s]       |                                                                                                                    [01;35m[K^[m[K
[4.758s] [01m[K/home/mikrobagger/lidar_ws/src/rplidar_ros/sdk/src/sl_lidar_driver.cpp:[m[K At global scope:
[4.758s] [01m[K/home/mikrobagger/lidar_ws/src/rplidar_ros/sdk/src/sl_lidar_driver.cpp:72:17:[m[K [01;35m[Kwarning: [m[K‘[01m[Kvoid sl::convert(const sl_lidar_response_measurement_node_hq_t&, sl_lidar_response_measurement_node_t&)[m[K’ defined but not used [[01;35m[K-Wunused-function[m[K]
[4.758s]    72 |     static void [01;35m[Kconvert[m[K(const sl_lidar_response_measurement_node_hq_t& from, sl_lidar_response_measurement_node_t& to)
[4.758s]       |                 [01;35m[K^~~~~~~[m[K
[4.758s] [01m[K/home/mikrobagger/lidar_ws/src/rplidar_ros/sdk/src/sl_lidar_driver.cpp:59:17:[m[K [01;35m[Kwarning: [m[K‘[01m[Kvoid sl::printDeprecationWarn(const char*, const char*)[m[K’ defined but not used [[01;35m[K-Wunused-function[m[K]
[4.758s]    59 |     static void [01;35m[KprintDeprecationWarn[m[K(const char* fn, const char* replacement)
[4.758s]       |                 [01;35m[K^~~~~~~~~~~~~~~~~~~~[m[K
[5.043s] [ 46%] [32mBuilding CXX object CMakeFiles/rplidar_composition.dir/sdk/src/sl_serial_channel.cpp.o[0m
[5.236s] In file included from [01m[K/home/mikrobagger/lidar_ws/src/rplidar_ros/./sdk/include/sl_lidar_cmd.h:36[m[K,
[5.236s]                  from [01m[K/home/mikrobagger/lidar_ws/src/rplidar_ros/./sdk/include/sl_lidar_driver.h:54[m[K,
[5.237s]                  from [01m[K/home/mikrobagger/lidar_ws/src/rplidar_ros/sdk/src/sl_serial_channel.cpp:33[m[K:
[5.237s] [01m[K/home/mikrobagger/lidar_ws/src/rplidar_ros/./sdk/include/sl_lidar_protocol.h:58:16:[m[K [01;35m[Kwarning: [m[KISO C++ forbids zero-size array ‘[01m[Kdata[m[K’ [[01;35m[K-Wpedantic[m[K]
[5.237s]    58 |     sl_u8 data[[01;35m[K0[m[K];
[5.237s]       |                [01;35m[K^[m[K
[5.237s] In file included from [01m[K/home/mikrobagger/lidar_ws/src/rplidar_ros/./sdk/include/sl_lidar_driver.h:54[m[K,
[5.237s]                  from [01m[K/home/mikrobagger/lidar_ws/src/rplidar_ros/sdk/src/sl_serial_channel.cpp:33[m[K:
[5.237s] [01m[K/home/mikrobagger/lidar_ws/src/rplidar_ros/./sdk/include/sl_lidar_cmd.h:312:20:[m[K [01;35m[Kwarning: [m[KISO C++ forbids zero-size array ‘[01m[Kpayload[m[K’ [[01;35m[K-Wpedantic[m[K]
[5.237s]   312 |     sl_u8  payload[[01;35m[K0[m[K];
[5.237s]       |                    [01;35m[K^[m[K
[5.300s] [ 50%] [32mBuilding CXX object CMakeFiles/rplidar_composition.dir/sdk/src/sl_tcp_channel.cpp.o[0m
[5.495s] In file included from [01m[K/home/mikrobagger/lidar_ws/src/rplidar_ros/./sdk/include/sl_lidar_cmd.h:36[m[K,
[5.495s]                  from [01m[K/home/mikrobagger/lidar_ws/src/rplidar_ros/./sdk/include/sl_lidar_driver.h:54[m[K,
[5.495s]                  from [01m[K/home/mikrobagger/lidar_ws/src/rplidar_ros/sdk/src/sl_tcp_channel.cpp:33[m[K:
[5.495s] [01m[K/home/mikrobagger/lidar_ws/src/rplidar_ros/./sdk/include/sl_lidar_protocol.h:58:16:[m[K [01;35m[Kwarning: [m[KISO C++ forbids zero-size array ‘[01m[Kdata[m[K’ [[01;35m[K-Wpedantic[m[K]
[5.496s]    58 |     sl_u8 data[[01;35m[K0[m[K];
[5.496s]       |                [01;35m[K^[m[K
[5.496s] In file included from [01m[K/home/mikrobagger/lidar_ws/src/rplidar_ros/./sdk/include/sl_lidar_driver.h:54[m[K,
[5.496s]                  from [01m[K/home/mikrobagger/lidar_ws/src/rplidar_ros/sdk/src/sl_tcp_channel.cpp:33[m[K:
[5.496s] [01m[K/home/mikrobagger/lidar_ws/src/rplidar_ros/./sdk/include/sl_lidar_cmd.h:312:20:[m[K [01;35m[Kwarning: [m[KISO C++ forbids zero-size array ‘[01m[Kpayload[m[K’ [[01;35m[K-Wpedantic[m[K]
[5.496s]   312 |     sl_u8  payload[[01;35m[K0[m[K];
[5.496s]       |                    [01;35m[K^[m[K
[5.500s] [01m[K/home/mikrobagger/lidar_ws/src/rplidar_ros/sdk/src/sl_tcp_channel.cpp:[m[K In member function ‘[01m[Kvoid sl::TcpChannel::setStatus(_u32)[m[K’:
[5.500s] [01m[K/home/mikrobagger/lidar_ws/src/rplidar_ros/sdk/src/sl_tcp_channel.cpp:94:29:[m[K [01;35m[Kwarning: [m[Kunused parameter ‘[01m[Kflag[m[K’ [[01;35m[K-Wunused-parameter[m[K]
[5.500s]    94 |         void setStatus([01;35m[K_u32 flag[m[K){}
[5.500s]       |                        [01;35m[K~~~~~^~~~[m[K
[5.564s] [ 53%] [32mBuilding CXX object CMakeFiles/rplidar_composition.dir/sdk/src/sl_udp_channel.cpp.o[0m
[5.610s] [ 57%] [32mBuilding CXX object CMakeFiles/rplidar_node.dir/sdk/src/arch/linux/net_socket.cpp.o[0m
[5.636s] [ 61%] [32mBuilding CXX object CMakeFiles/rplidar_node.dir/sdk/src/arch/linux/timer.cpp.o[0m
[5.764s] In file included from [01m[K/home/mikrobagger/lidar_ws/src/rplidar_ros/./sdk/include/sl_lidar_cmd.h:36[m[K,
[5.764s]                  from [01m[K/home/mikrobagger/lidar_ws/src/rplidar_ros/./sdk/include/sl_lidar_driver.h:54[m[K,
[5.764s]                  from [01m[K/home/mikrobagger/lidar_ws/src/rplidar_ros/sdk/src/sl_udp_channel.cpp:33[m[K:
[5.764s] [01m[K/home/mikrobagger/lidar_ws/src/rplidar_ros/./sdk/include/sl_lidar_protocol.h:58:16:[m[K [01;35m[Kwarning: [m[KISO C++ forbids zero-size array ‘[01m[Kdata[m[K’ [[01;35m[K-Wpedantic[m[K]
[5.765s]    58 |     sl_u8 data[[01;35m[K0[m[K];
[5.765s]       |                [01;35m[K^[m[K
[5.765s] In file included from [01m[K/home/mikrobagger/lidar_ws/src/rplidar_ros/./sdk/include/sl_lidar_driver.h:54[m[K,
[5.765s]                  from [01m[K/home/mikrobagger/lidar_ws/src/rplidar_ros/sdk/src/sl_udp_channel.cpp:33[m[K:
[5.765s] [01m[K/home/mikrobagger/lidar_ws/src/rplidar_ros/./sdk/include/sl_lidar_cmd.h:312:20:[m[K [01;35m[Kwarning: [m[KISO C++ forbids zero-size array ‘[01m[Kpayload[m[K’ [[01;35m[K-Wpedantic[m[K]
[5.765s]   312 |     sl_u8  payload[[01;35m[K0[m[K];
[5.765s]       |                    [01;35m[K^[m[K
[5.769s] [01m[K/home/mikrobagger/lidar_ws/src/rplidar_ros/sdk/src/sl_udp_channel.cpp:[m[K In member function ‘[01m[Kvoid sl::UdpChannel::setStatus(_u32)[m[K’:
[5.769s] [01m[K/home/mikrobagger/lidar_ws/src/rplidar_ros/sdk/src/sl_udp_channel.cpp:104:29:[m[K [01;35m[Kwarning: [m[Kunused parameter ‘[01m[Kflag[m[K’ [[01;35m[K-Wunused-parameter[m[K]
[5.769s]   104 |         void setStatus([01;35m[K_u32 flag[m[K){}
[5.769s]       |                        [01;35m[K~~~~~^~~~[m[K
[5.829s] [ 65%] [32m[1mLinking CXX executable rplidar_composition[0m
[5.886s] In file included from [01m[K/home/mikrobagger/lidar_ws/src/rplidar_ros/./sdk/include/rplidar_protocol.h:36[m[K,
[5.886s]                  from [01m[K/home/mikrobagger/lidar_ws/src/rplidar_ros/./sdk/include/rplidar.h:39[m[K,
[5.886s]                  from [01m[K/home/mikrobagger/lidar_ws/src/rplidar_ros/./sdk/src/sdkcommon.h:49[m[K,
[5.886s]                  from [01m[K/home/mikrobagger/lidar_ws/src/rplidar_ros/sdk/src/arch/linux/net_socket.cpp:10[m[K:
[5.886s] [01m[K/home/mikrobagger/lidar_ws/src/rplidar_ros/./sdk/include/sl_lidar_protocol.h:58:16:[m[K [01;35m[Kwarning: [m[KISO C++ forbids zero-size array ‘[01m[Kdata[m[K’ [[01;35m[K-Wpedantic[m[K]
[5.887s]    58 |     sl_u8 data[[01;35m[K0[m[K];
[5.887s]       |                [01;35m[K^[m[K
[5.887s] In file included from [01m[K/home/mikrobagger/lidar_ws/src/rplidar_ros/./sdk/include/rplidar_cmd.h:36[m[K,
[5.887s]                  from [01m[K/home/mikrobagger/lidar_ws/src/rplidar_ros/./sdk/include/rplidar.h:40[m[K,
[5.887s]                  from [01m[K/home/mikrobagger/lidar_ws/src/rplidar_ros/./sdk/src/sdkcommon.h:49[m[K,
[5.887s]                  from [01m[K/home/mikrobagger/lidar_ws/src/rplidar_ros/sdk/src/arch/linux/net_socket.cpp:10[m[K:
[5.887s] [01m[K/home/mikrobagger/lidar_ws/src/rplidar_ros/./sdk/include/sl_lidar_cmd.h:312:20:[m[K [01;35m[Kwarning: [m[KISO C++ forbids zero-size array ‘[01m[Kpayload[m[K’ [[01;35m[K-Wpedantic[m[K]
[5.887s]   312 |     sl_u8  payload[[01;35m[K0[m[K];
[5.887s]       |                    [01;35m[K^[m[K
[5.944s] [ 69%] [32mBuilding CXX object CMakeFiles/rplidar_node.dir/sdk/src/hal/thread.cpp.o[0m
[6.089s] [ 73%] [32mBuilding CXX object CMakeFiles/rplidar_node.dir/sdk/src/rplidar_driver.cpp.o[0m
[6.109s] [ 73%] Built target rplidar_composition
[6.122s] [ 76%] [32mBuilding CXX object CMakeFiles/rplidar_node.dir/sdk/src/sl_crc.cpp.o[0m
[6.133s] In file included from [01m[K/home/mikrobagger/lidar_ws/src/rplidar_ros/./sdk/include/sl_lidar_cmd.h:36[m[K,
[6.134s]                  from [01m[K/home/mikrobagger/lidar_ws/src/rplidar_ros/./sdk/include/sl_crc.h:36[m[K,
[6.134s]                  from [01m[K/home/mikrobagger/lidar_ws/src/rplidar_ros/sdk/src/sl_crc.cpp:33[m[K:
[6.134s] [01m[K/home/mikrobagger/lidar_ws/src/rplidar_ros/./sdk/include/sl_lidar_protocol.h:58:16:[m[K [01;35m[Kwarning: [m[KISO C++ forbids zero-size array ‘[01m[Kdata[m[K’ [[01;35m[K-Wpedantic[m[K]
[6.134s]    58 |     sl_u8 data[[01;35m[K0[m[K];
[6.134s]       |                [01;35m[K^[m[K
[6.135s] In file included from [01m[K/home/mikrobagger/lidar_ws/src/rplidar_ros/./sdk/include/sl_crc.h:36[m[K,
[6.135s]                  from [01m[K/home/mikrobagger/lidar_ws/src/rplidar_ros/sdk/src/sl_crc.cpp:33[m[K:
[6.135s] [01m[K/home/mikrobagger/lidar_ws/src/rplidar_ros/./sdk/include/sl_lidar_cmd.h:312:20:[m[K [01;35m[Kwarning: [m[KISO C++ forbids zero-size array ‘[01m[Kpayload[m[K’ [[01;35m[K-Wpedantic[m[K]
[6.135s]   312 |     sl_u8  payload[[01;35m[K0[m[K];
[6.135s]       |                    [01;35m[K^[m[K
[6.159s] [ 80%] [32mBuilding CXX object CMakeFiles/rplidar_node.dir/sdk/src/sl_lidar_driver.cpp.o[0m
[6.226s] In file included from [01m[K/home/mikrobagger/lidar_ws/src/rplidar_ros/./sdk/include/rplidar_protocol.h:36[m[K,
[6.226s]                  from [01m[K/home/mikrobagger/lidar_ws/src/rplidar_ros/./sdk/include/rplidar.h:39[m[K,
[6.226s]                  from [01m[K/home/mikrobagger/lidar_ws/src/rplidar_ros/./sdk/src/sdkcommon.h:49[m[K,
[6.226s]                  from [01m[K/home/mikrobagger/lidar_ws/src/rplidar_ros/sdk/src/hal/thread.cpp:35[m[K:
[6.227s] [01m[K/home/mikrobagger/lidar_ws/src/rplidar_ros/./sdk/include/sl_lidar_protocol.h:58:16:[m[K [01;35m[Kwarning: [m[KISO C++ forbids zero-size array ‘[01m[Kdata[m[K’ [[01;35m[K-Wpedantic[m[K]
[6.227s]    58 |     sl_u8 data[[01;35m[K0[m[K];
[6.227s]       |                [01;35m[K^[m[K
[6.227s] In file included from [01m[K/home/mikrobagger/lidar_ws/src/rplidar_ros/./sdk/include/rplidar_cmd.h:36[m[K,
[6.227s]                  from [01m[K/home/mikrobagger/lidar_ws/src/rplidar_ros/./sdk/include/rplidar.h:40[m[K,
[6.227s]                  from [01m[K/home/mikrobagger/lidar_ws/src/rplidar_ros/./sdk/src/sdkcommon.h:49[m[K,
[6.227s]                  from [01m[K/home/mikrobagger/lidar_ws/src/rplidar_ros/sdk/src/hal/thread.cpp:35[m[K:
[6.227s] [01m[K/home/mikrobagger/lidar_ws/src/rplidar_ros/./sdk/include/sl_lidar_cmd.h:312:20:[m[K [01;35m[Kwarning: [m[KISO C++ forbids zero-size array ‘[01m[Kpayload[m[K’ [[01;35m[K-Wpedantic[m[K]
[6.227s]   312 |     sl_u8  payload[[01;35m[K0[m[K];
[6.227s]       |                    [01;35m[K^[m[K
[6.266s] In file included from [01m[K/home/mikrobagger/lidar_ws/src/rplidar_ros/sdk/src/hal/thread.cpp:43[m[K:
[6.266s] [01m[K/home/mikrobagger/lidar_ws/src/rplidar_ros/./sdk/src/arch/linux/thread.hpp:[m[K In static member function ‘[01m[Kstatic rp::hal::Thread rp::hal::Thread::create(thread_proc_t, void*)[m[K’:
[6.267s] [01m[K/home/mikrobagger/lidar_ws/src/rplidar_ros/./sdk/src/arch/linux/thread.hpp:48:77:[m[K [01;35m[Kwarning: [m[Kcast between incompatible function types from ‘[01m[Kthread_proc_t[m[K’ {aka ‘[01m[Klong unsigned int (*)(void*)[m[K’} to ‘[01m[Kvoid* (*)(void*)[m[K’ [[01;35m[K-Wcast-function-type[m[K]
[6.267s]    48 |     pthread_create((pthread_t *)&newborn._handle, NULL, (void * (*)(void *))[01;35m[Kproc[m[K, data);
[6.267s]       |                                                                             [01;35m[K^~~~[m[K
[6.267s] [01m[K/home/mikrobagger/lidar_ws/src/rplidar_ros/./sdk/src/arch/linux/thread.hpp:[m[K In member function ‘[01m[Ku_result rp::hal::Thread::join(long unsigned int)[m[K’:
[6.267s] [01m[K/home/mikrobagger/lidar_ws/src/rplidar_ros/./sdk/src/arch/linux/thread.hpp:129:37:[m[K [01;35m[Kwarning: [m[Kunused parameter ‘[01m[Ktimeout[m[K’ [[01;35m[K-Wunused-parameter[m[K]
[6.267s]   129 | u_result Thread::join([01;35m[Kunsigned long timeout[m[K)
[6.267s]       |                       [01;35m[K~~~~~~~~~~~~~~^~~~~~~[m[K
[6.322s] [ 84%] [32mBuilding CXX object CMakeFiles/rplidar_node.dir/sdk/src/sl_serial_channel.cpp.o[0m
[6.366s] In file included from [01m[K/home/mikrobagger/lidar_ws/src/rplidar_ros/./sdk/include/rplidar_protocol.h:36[m[K,
[6.367s]                  from [01m[K/home/mikrobagger/lidar_ws/src/rplidar_ros/./sdk/include/rplidar.h:39[m[K,
[6.367s]                  from [01m[K/home/mikrobagger/lidar_ws/src/rplidar_ros/sdk/src/sdkcommon.h:49[m[K,
[6.367s]                  from [01m[K/home/mikrobagger/lidar_ws/src/rplidar_ros/sdk/src/rplidar_driver.cpp:33[m[K:
[6.367s] [01m[K/home/mikrobagger/lidar_ws/src/rplidar_ros/./sdk/include/sl_lidar_protocol.h:58:16:[m[K [01;35m[Kwarning: [m[KISO C++ forbids zero-size array ‘[01m[Kdata[m[K’ [[01;35m[K-Wpedantic[m[K]
[6.367s]    58 |     sl_u8 data[[01;35m[K0[m[K];
[6.367s]       |                [01;35m[K^[m[K
[6.367s] In file included from [01m[K/home/mikrobagger/lidar_ws/src/rplidar_ros/./sdk/include/rplidar_cmd.h:36[m[K,
[6.367s]                  from [01m[K/home/mikrobagger/lidar_ws/src/rplidar_ros/./sdk/include/rplidar.h:40[m[K,
[6.367s]                  from [01m[K/home/mikrobagger/lidar_ws/src/rplidar_ros/sdk/src/sdkcommon.h:49[m[K,
[6.367s]                  from [01m[K/home/mikrobagger/lidar_ws/src/rplidar_ros/sdk/src/rplidar_driver.cpp:33[m[K:
[6.367s] [01m[K/home/mikrobagger/lidar_ws/src/rplidar_ros/./sdk/include/sl_lidar_cmd.h:312:20:[m[K [01;35m[Kwarning: [m[KISO C++ forbids zero-size array ‘[01m[Kpayload[m[K’ [[01;35m[K-Wpedantic[m[K]
[6.367s]   312 |     sl_u8  payload[[01;35m[K0[m[K];
[6.368s]       |                    [01;35m[K^[m[K
[6.434s] [01m[K/home/mikrobagger/lidar_ws/src/rplidar_ros/sdk/src/rplidar_driver.cpp:[m[K In member function ‘[01m[Ku_result rp::standalone::rplidar::RPlidarDriver::connect(const char*, _u32, _u32)[m[K’:
[6.434s] [01m[K/home/mikrobagger/lidar_ws/src/rplidar_ros/sdk/src/rplidar_driver.cpp:67:77:[m[K [01;35m[Kwarning: [m[Kunused parameter ‘[01m[Kflag[m[K’ [[01;35m[K-Wunused-parameter[m[K]
[6.434s]    67 |     u_result RPlidarDriver::connect(const char *path, _u32 portOrBaud, [01;35m[K_u32 flag[m[K)
[6.434s]       |                                                                        [01;35m[K~~~~~^~~~[m[K
[6.434s] [01m[K/home/mikrobagger/lidar_ws/src/rplidar_ros/sdk/src/rplidar_driver.cpp:[m[K In member function ‘[01m[Ku_result rp::standalone::rplidar::RPlidarDriver::reset(_u32)[m[K’:
[6.434s] [01m[K/home/mikrobagger/lidar_ws/src/rplidar_ros/sdk/src/rplidar_driver.cpp:101:40:[m[K [01;35m[Kwarning: [m[Kunused parameter ‘[01m[Ktimeout[m[K’ [[01;35m[K-Wunused-parameter[m[K]
[6.434s]   101 |     u_result RPlidarDriver::reset([01;35m[K_u32 timeout[m[K)
[6.434s]       |                                   [01;35m[K~~~~~^~~~~~~[m[K
[6.435s] [01m[K/home/mikrobagger/lidar_ws/src/rplidar_ros/sdk/src/rplidar_driver.cpp:[m[K In member function ‘[01m[Ku_result rp::standalone::rplidar::RPlidarDriver::getScanDataWithInterval(rplidar_response_measurement_node_t*, size_t&)[m[K’:
[6.435s] [01m[K/home/mikrobagger/lidar_ws/src/rplidar_ros/sdk/src/rplidar_driver.cpp:180:91:[m[K [01;35m[Kwarning: [m[Kunused parameter ‘[01m[Knodebuffer[m[K’ [[01;35m[K-Wunused-parameter[m[K]
[6.436s]   180 |     u_result RPlidarDriver::getScanDataWithInterval([01;35m[Krplidar_response_measurement_node_t * nodebuffer[m[K, size_t & count)
[6.436s]       |                                                     [01;35m[K~~~~~~~~~~~~~~~~~~~~~~~~~~~~~~~~~~~~~~^~~~~~~~~~[m[K
[6.436s] [01m[K/home/mikrobagger/lidar_ws/src/rplidar_ros/sdk/src/rplidar_driver.cpp:180:112:[m[K [01;35m[Kwarning: [m[Kunused parameter ‘[01m[Kcount[m[K’ [[01;35m[K-Wunused-parameter[m[K]
[6.436s]   180 |     u_result RPlidarDriver::getScanDataWithInterval(rplidar_response_measurement_node_t * nodebuffer, [01;35m[Ksize_t & count[m[K)
[6.436s]       |                                                                                                       [01;35m[K~~~~~~~~~^~~~~[m[K
[6.436s] In file included from [01m[K/home/mikrobagger/lidar_ws/src/rplidar_ros/./sdk/include/rplidar_protocol.h:36[m[K,
[6.437s]                  from [01m[K/home/mikrobagger/lidar_ws/src/rplidar_ros/./sdk/include/rplidar.h:39[m[K,
[6.437s]                  from [01m[K/home/mikrobagger/lidar_ws/src/rplidar_ros/sdk/src/sdkcommon.h:49[m[K,
[6.437s]                  from [01m[K/home/mikrobagger/lidar_ws/src/rplidar_ros/sdk/src/sl_lidar_driver.cpp:33[m[K:
[6.437s] [01m[K/home/mikrobagger/lidar_ws/src/rplidar_ros/./sdk/include/sl_lidar_protocol.h:58:16:[m[K [01;35m[Kwarning: [m[KISO C++ forbids zero-size array ‘[01m[Kdata[m[K’ [[01;35m[K-Wpedantic[m[K]
[6.437s]    58 |     sl_u8 data[[01;35m[K0[m[K];
[6.437s]       |                [01;35m[K^[m[K
[6.437s] In file included from [01m[K/home/mikrobagger/lidar_ws/src/rplidar_ros/./sdk/include/rplidar_cmd.h:36[m[K,
[6.437s]                  from [01m[K/home/mikrobagger/lidar_ws/src/rplidar_ros/./sdk/include/rplidar.h:40[m[K,
[6.437s]                  from [01m[K/home/mikrobagger/lidar_ws/src/rplidar_ros/sdk/src/sdkcommon.h:49[m[K,
[6.437s]                  from [01m[K/home/mikrobagger/lidar_ws/src/rplidar_ros/sdk/src/sl_lidar_driver.cpp:33[m[K:
[6.437s] [01m[K/home/mikrobagger/lidar_ws/src/rplidar_ros/./sdk/include/sl_lidar_cmd.h:312:20:[m[K [01;35m[Kwarning: [m[KISO C++ forbids zero-size array ‘[01m[Kpayload[m[K’ [[01;35m[K-Wpedantic[m[K]
[6.437s]   312 |     sl_u8  payload[[01;35m[K0[m[K];
[6.437s]       |                    [01;35m[K^[m[K
[6.506s] [ 88%] [32mBuilding CXX object CMakeFiles/rplidar_node.dir/sdk/src/sl_tcp_channel.cpp.o[0m
[6.508s] [01m[K/home/mikrobagger/lidar_ws/src/rplidar_ros/sdk/src/sl_lidar_driver.cpp:[m[K In member function ‘[01m[Kvirtual sl_result sl::SlamtecLidarDriver::reset(sl_u32)[m[K’:
[6.508s] [01m[K/home/mikrobagger/lidar_ws/src/rplidar_ros/sdk/src/sl_lidar_driver.cpp:274:32:[m[K [01;35m[Kwarning: [m[Kunused parameter ‘[01m[KtimeoutInMs[m[K’ [[01;35m[K-Wunused-parameter[m[K]
[6.508s]   274 |         sl_result reset([01;35m[Ksl_u32 timeoutInMs = DEFAULT_TIMEOUT[m[K)
[6.508s]       |                         [01;35m[K~~~~~~~^~~~~~~~~~~~~~~~~~~~~~~~~~~~~[m[K
[6.511s] [01m[K/home/mikrobagger/lidar_ws/src/rplidar_ros/sdk/src/sl_lidar_driver.cpp:[m[K In member function ‘[01m[Kvirtual sl_result sl::SlamtecLidarDriver::getAllSupportedScanModes(std::vector<sl::LidarScanMode>&, sl_u32)[m[K’:
[6.511s] [01m[K/home/mikrobagger/lidar_ws/src/rplidar_ros/sdk/src/sl_lidar_driver.cpp:287:89:[m[K [01;35m[Kwarning: [m[Kunused parameter ‘[01m[KtimeoutInMs[m[K’ [[01;35m[K-Wunused-parameter[m[K]
[6.511s]   287 |         sl_result getAllSupportedScanModes(std::vector<LidarScanMode>& outModes, [01;35m[Ksl_u32 timeoutInMs = DEFAULT_TIMEOUT[m[K)
[6.511s]       |                                                                                  [01;35m[K~~~~~~~^~~~~~~~~~~~~~~~~~~~~~~~~~~~~[m[K
[6.512s] [01m[K/home/mikrobagger/lidar_ws/src/rplidar_ros/sdk/src/sl_lidar_driver.cpp:[m[K In member function ‘[01m[Kvirtual sl_result sl::SlamtecLidarDriver::startScan(bool, bool, sl_u32, sl::LidarScanMode*)[m[K’:
[6.512s] [01m[K/home/mikrobagger/lidar_ws/src/rplidar_ros/sdk/src/sl_lidar_driver.cpp:348:69:[m[K [01;35m[Kwarning: [m[Kunused parameter ‘[01m[Koptions[m[K’ [[01;35m[K-Wunused-parameter[m[K]
[6.512s]   348 |         sl_result startScan(bool force, bool useTypicalScan, [01;35m[Ksl_u32 options = 0[m[K, LidarScanMode* outUsedScanMode = nullptr)
[6.512s]       |                                                              [01;35m[K~~~~~~~^~~~~~~~~~~[m[K
[6.514s] [01m[K/home/mikrobagger/lidar_ws/src/rplidar_ros/sdk/src/sl_lidar_driver.cpp:[m[K In member function ‘[01m[Kvirtual sl_result sl::SlamtecLidarDriver::stop(sl_u32)[m[K’:
[6.515s] [01m[K/home/mikrobagger/lidar_ws/src/rplidar_ros/sdk/src/sl_lidar_driver.cpp:543:31:[m[K [01;35m[Kwarning: [m[Kunused parameter ‘[01m[Ktimeout[m[K’ [[01;35m[K-Wunused-parameter[m[K]
[6.515s]   543 |         sl_result stop([01;35m[Ksl_u32 timeout = DEFAULT_TIMEOUT[m[K)
[6.515s]       |                        [01;35m[K~~~~~~~^~~~~~~~~~~~~~~~~~~~~~~~~[m[K
[6.515s] [01m[K/home/mikrobagger/lidar_ws/src/rplidar_ros/sdk/src/sl_lidar_driver.cpp:[m[K In member function ‘[01m[Kvirtual sl_result sl::SlamtecLidarDriver::getDeviceInfo(sl_lidar_response_device_info_t&, sl_u32)[m[K’:
[6.515s] [01m[K/home/mikrobagger/lidar_ws/src/rplidar_ros/sdk/src/sl_lidar_driver.cpp:588:79:[m[K [01;35m[Kwarning: [m[Kunused parameter ‘[01m[Ktimeout[m[K’ [[01;35m[K-Wunused-parameter[m[K]
[6.515s]   588 |         sl_result getDeviceInfo(sl_lidar_response_device_info_t& info, [01;35m[Ksl_u32 timeout = DEFAULT_TIMEOUT[m[K)
[6.515s]       |                                                                        [01;35m[K~~~~~~~^~~~~~~~~~~~~~~~~~~~~~~~~[m[K
[6.516s] [01m[K/home/mikrobagger/lidar_ws/src/rplidar_ros/sdk/src/sl_lidar_driver.cpp:[m[K In member function ‘[01m[Kvirtual sl_result sl::SlamtecLidarDriver::checkMotorCtrlSupport(sl::MotorCtrlSupport&, sl_u32)[m[K’:
[6.516s] [01m[K/home/mikrobagger/lidar_ws/src/rplidar_ros/sdk/src/sl_lidar_driver.cpp:601:76:[m[K [01;35m[Kwarning: [m[Kunused parameter ‘[01m[Ktimeout[m[K’ [[01;35m[K-Wunused-parameter[m[K]
[6.516s]   601 |         sl_result checkMotorCtrlSupport(MotorCtrlSupport & support, [01;35m[Ksl_u32 timeout = DEFAULT_TIMEOUT[m[K)
[6.516s]       |                                                                     [01;35m[K~~~~~~~^~~~~~~~~~~~~~~~~~~~~~~~~[m[K
[6.516s] [01m[K/home/mikrobagger/lidar_ws/src/rplidar_ros/sdk/src/sl_lidar_driver.cpp:[m[K In member function ‘[01m[Kvirtual sl_result sl::SlamtecLidarDriver::getFrequency(const sl::LidarScanMode&, const sl_lidar_response_measurement_node_hq_t*, size_t, float&)[m[K’:
[6.516s] [01m[K/home/mikrobagger/lidar_ws/src/rplidar_ros/sdk/src/sl_lidar_driver.cpp:636:110:[m[K [01;35m[Kwarning: [m[Kunused parameter ‘[01m[Knodes[m[K’ [[01;35m[K-Wunused-parameter[m[K]
[6.516s]   636 |         sl_result getFrequency(const LidarScanMode& scanMode, [01;35m[Kconst sl_lidar_response_measurement_node_hq_t* nodes[m[K, size_t count, float& frequency)
[6.516s]       |                                                               [01;35m[K~~~~~~~~~~~~~~~~~~~~~~~~~~~~~~~~~~~~~~~~~~~~~~~^~~~~[m[K
[6.517s] [01m[K/home/mikrobagger/lidar_ws/src/rplidar_ros/sdk/src/sl_lidar_driver.cpp:[m[K In member function ‘[01m[Kvirtual sl_result sl::SlamtecLidarDriver::getHealth(sl_lidar_response_device_health_t&, sl_u32)[m[K’:
[6.517s] [01m[K/home/mikrobagger/lidar_ws/src/rplidar_ros/sdk/src/sl_lidar_driver.cpp:662:79:[m[K [01;35m[Kwarning: [m[Kunused parameter ‘[01m[Ktimeout[m[K’ [[01;35m[K-Wunused-parameter[m[K]
[6.517s]   662 |         sl_result getHealth(sl_lidar_response_device_health_t& health, [01;35m[Ksl_u32 timeout = DEFAULT_TIMEOUT[m[K)
[6.517s]       |                                                                        [01;35m[K~~~~~~~^~~~~~~~~~~~~~~~~~~~~~~~~[m[K
[6.519s] [01m[K/home/mikrobagger/lidar_ws/src/rplidar_ros/sdk/src/sl_lidar_driver.cpp:[m[K In member function ‘[01m[Kvirtual sl_result sl::SlamtecLidarDriver::getMotorInfo(sl::LidarMotorInfo&, sl_u32)[m[K’:
[6.519s] [01m[K/home/mikrobagger/lidar_ws/src/rplidar_ros/sdk/src/sl_lidar_driver.cpp:760:66:[m[K [01;35m[Kwarning: [m[Kunused parameter ‘[01m[KtimeoutInMs[m[K’ [[01;35m[K-Wunused-parameter[m[K]
[6.519s]   760 |         sl_result getMotorInfo(LidarMotorInfo &motorInfo, [01;35m[Ksl_u32 timeoutInMs[m[K)
[6.519s]       |                                                           [01;35m[K~~~~~~~^~~~~~~~~~~[m[K
[6.519s] In file included from [01m[K/home/mikrobagger/lidar_ws/src/rplidar_ros/./sdk/include/sl_lidar_cmd.h:36[m[K,
[6.519s]                  from [01m[K/home/mikrobagger/lidar_ws/src/rplidar_ros/./sdk/include/sl_lidar_driver.h:54[m[K,
[6.519s]                  from [01m[K/home/mikrobagger/lidar_ws/src/rplidar_ros/sdk/src/sl_serial_channel.cpp:33[m[K:
[6.519s] [01m[K/home/mikrobagger/lidar_ws/src/rplidar_ros/./sdk/include/sl_lidar_protocol.h:58:16:[m[K [01;35m[Kwarning: [m[KISO C++ forbids zero-size array ‘[01m[Kdata[m[K’ [[01;35m[K-Wpedantic[m[K]
[6.519s]    58 |     sl_u8 data[[01;35m[K0[m[K];
[6.520s]       |                [01;35m[K^[m[K
[6.520s] In file included from [01m[K/home/mikrobagger/lidar_ws/src/rplidar_ros/./sdk/include/sl_lidar_driver.h:54[m[K,
[6.520s]                  from [01m[K/home/mikrobagger/lidar_ws/src/rplidar_ros/sdk/src/sl_serial_channel.cpp:33[m[K:
[6.520s] [01m[K/home/mikrobagger/lidar_ws/src/rplidar_ros/./sdk/include/sl_lidar_cmd.h:312:20:[m[K [01;35m[Kwarning: [m[KISO C++ forbids zero-size array ‘[01m[Kpayload[m[K’ [[01;35m[K-Wpedantic[m[K]
[6.520s]   312 |     sl_u8  payload[[01;35m[K0[m[K];
[6.520s]       |                    [01;35m[K^[m[K
[6.526s] [01m[K/home/mikrobagger/lidar_ws/src/rplidar_ros/sdk/src/sl_lidar_driver.cpp:[m[K In member function ‘[01m[Kvoid sl::SlamtecLidarDriver::_ultraCapsuleToNormal(const sl_lidar_response_ultra_capsule_measurement_nodes_t&, sl_lidar_response_measurement_node_hq_t*, size_t&)[m[K’:
[6.527s] [01m[K/home/mikrobagger/lidar_ws/src/rplidar_ros/sdk/src/sl_lidar_driver.cpp:1399:40:[m[K [01;35m[Kwarning: [m[Kcomparison of integer expressions of different signedness: ‘[01m[Kint[m[K’ and ‘[01m[Kunsigned int[m[K’ [[01;35m[K-Wsign-compare[m[K]
[6.527s]  1399 |                     if (([01;35m[Kdist_predict1 == 0xFFFFFE00[m[K) || (dist_predict1 == 0x1FF)) {
[6.527s]       |                          [01;35m[K~~~~~~~~~~~~~~^~~~~~~~~~~~~[m[K
[6.527s] [01m[K/home/mikrobagger/lidar_ws/src/rplidar_ros/sdk/src/sl_lidar_driver.cpp:1408:40:[m[K [01;35m[Kwarning: [m[Kcomparison of integer expressions of different signedness: ‘[01m[Kint[m[K’ and ‘[01m[Kunsigned int[m[K’ [[01;35m[K-Wsign-compare[m[K]
[6.527s]  1408 |                     if (([01;35m[Kdist_predict2 == 0xFFFFFE00[m[K) || (dist_predict2 == 0x1FF)) {
[6.527s]       |                          [01;35m[K~~~~~~~~~~~~~~^~~~~~~~~~~~~[m[K
[6.529s] [01m[K/home/mikrobagger/lidar_ws/src/rplidar_ros/sdk/src/sl_lidar_driver.cpp:[m[K In member function ‘[01m[Kvoid sl::SlamtecLidarDriver::_dense_capsuleToNormal(const sl_lidar_response_capsule_measurement_nodes_t&, sl_lidar_response_measurement_node_hq_t*, size_t&)[m[K’:
[6.529s] [01m[K/home/mikrobagger/lidar_ws/src/rplidar_ros/sdk/src/sl_lidar_driver.cpp:1606:116:[m[K [01;35m[Kwarning: [m[Ktype qualifiers ignored on cast result type [[01;35m[K-Wignored-qualifiers[m[K]
[6.529s]  1606 |                     const int dist = static_cast<const int>(_cached_previous_dense_capsuledata.cabins[pos].distance[01;35m[K)[m[K;
[6.529s]       |                                                                                                                    [01;35m[K^[m[K
[6.591s] [ 92%] [32mBuilding CXX object CMakeFiles/rplidar_node.dir/sdk/src/sl_udp_channel.cpp.o[0m
[6.609s] [01m[K/home/mikrobagger/lidar_ws/src/rplidar_ros/sdk/src/sl_lidar_driver.cpp:[m[K At global scope:
[6.609s] [01m[K/home/mikrobagger/lidar_ws/src/rplidar_ros/sdk/src/sl_lidar_driver.cpp:72:17:[m[K [01;35m[Kwarning: [m[K‘[01m[Kvoid sl::convert(const sl_lidar_response_measurement_node_hq_t&, sl_lidar_response_measurement_node_t&)[m[K’ defined but not used [[01;35m[K-Wunused-function[m[K]
[6.609s]    72 |     static void [01;35m[Kconvert[m[K(const sl_lidar_response_measurement_node_hq_t& from, sl_lidar_response_measurement_node_t& to)
[6.609s]       |                 [01;35m[K^~~~~~~[m[K
[6.609s] [01m[K/home/mikrobagger/lidar_ws/src/rplidar_ros/sdk/src/sl_lidar_driver.cpp:59:17:[m[K [01;35m[Kwarning: [m[K‘[01m[Kvoid sl::printDeprecationWarn(const char*, const char*)[m[K’ defined but not used [[01;35m[K-Wunused-function[m[K]
[6.609s]    59 |     static void [01;35m[KprintDeprecationWarn[m[K(const char* fn, const char* replacement)
[6.609s]       |                 [01;35m[K^~~~~~~~~~~~~~~~~~~~[m[K
[6.709s] In file included from [01m[K/home/mikrobagger/lidar_ws/src/rplidar_ros/./sdk/include/sl_lidar_cmd.h:36[m[K,
[6.709s]                  from [01m[K/home/mikrobagger/lidar_ws/src/rplidar_ros/./sdk/include/sl_lidar_driver.h:54[m[K,
[6.709s]                  from [01m[K/home/mikrobagger/lidar_ws/src/rplidar_ros/sdk/src/sl_tcp_channel.cpp:33[m[K:
[6.709s] [01m[K/home/mikrobagger/lidar_ws/src/rplidar_ros/./sdk/include/sl_lidar_protocol.h:58:16:[m[K [01;35m[Kwarning: [m[KISO C++ forbids zero-size array ‘[01m[Kdata[m[K’ [[01;35m[K-Wpedantic[m[K]
[6.709s]    58 |     sl_u8 data[[01;35m[K0[m[K];
[6.710s]       |                [01;35m[K^[m[K
[6.710s] In file included from [01m[K/home/mikrobagger/lidar_ws/src/rplidar_ros/./sdk/include/sl_lidar_driver.h:54[m[K,
[6.710s]                  from [01m[K/home/mikrobagger/lidar_ws/src/rplidar_ros/sdk/src/sl_tcp_channel.cpp:33[m[K:
[6.711s] [01m[K/home/mikrobagger/lidar_ws/src/rplidar_ros/./sdk/include/sl_lidar_cmd.h:312:20:[m[K [01;35m[Kwarning: [m[KISO C++ forbids zero-size array ‘[01m[Kpayload[m[K’ [[01;35m[K-Wpedantic[m[K]
[6.711s]   312 |     sl_u8  payload[[01;35m[K0[m[K];
[6.711s]       |                    [01;35m[K^[m[K
[6.715s] [01m[K/home/mikrobagger/lidar_ws/src/rplidar_ros/sdk/src/sl_tcp_channel.cpp:[m[K In member function ‘[01m[Kvoid sl::TcpChannel::setStatus(_u32)[m[K’:
[6.715s] [01m[K/home/mikrobagger/lidar_ws/src/rplidar_ros/sdk/src/sl_tcp_channel.cpp:94:29:[m[K [01;35m[Kwarning: [m[Kunused parameter ‘[01m[Kflag[m[K’ [[01;35m[K-Wunused-parameter[m[K]
[6.715s]    94 |         void setStatus([01;35m[K_u32 flag[m[K){}
[6.715s]       |                        [01;35m[K~~~~~^~~~[m[K
[6.786s] In file included from [01m[K/home/mikrobagger/lidar_ws/src/rplidar_ros/./sdk/include/sl_lidar_cmd.h:36[m[K,
[6.786s]                  from [01m[K/home/mikrobagger/lidar_ws/src/rplidar_ros/./sdk/include/sl_lidar_driver.h:54[m[K,
[6.786s]                  from [01m[K/home/mikrobagger/lidar_ws/src/rplidar_ros/sdk/src/sl_udp_channel.cpp:33[m[K:
[6.786s] [01m[K/home/mikrobagger/lidar_ws/src/rplidar_ros/./sdk/include/sl_lidar_protocol.h:58:16:[m[K [01;35m[Kwarning: [m[KISO C++ forbids zero-size array ‘[01m[Kdata[m[K’ [[01;35m[K-Wpedantic[m[K]
[6.786s]    58 |     sl_u8 data[[01;35m[K0[m[K];
[6.786s]       |                [01;35m[K^[m[K
[6.787s] In file included from [01m[K/home/mikrobagger/lidar_ws/src/rplidar_ros/./sdk/include/sl_lidar_driver.h:54[m[K,
[6.787s]                  from [01m[K/home/mikrobagger/lidar_ws/src/rplidar_ros/sdk/src/sl_udp_channel.cpp:33[m[K:
[6.787s] [01m[K/home/mikrobagger/lidar_ws/src/rplidar_ros/./sdk/include/sl_lidar_cmd.h:312:20:[m[K [01;35m[Kwarning: [m[KISO C++ forbids zero-size array ‘[01m[Kpayload[m[K’ [[01;35m[K-Wpedantic[m[K]
[6.787s]   312 |     sl_u8  payload[[01;35m[K0[m[K];
[6.787s]       |                    [01;35m[K^[m[K
[6.791s] [01m[K/home/mikrobagger/lidar_ws/src/rplidar_ros/sdk/src/sl_udp_channel.cpp:[m[K In member function ‘[01m[Kvoid sl::UdpChannel::setStatus(_u32)[m[K’:
[6.791s] [01m[K/home/mikrobagger/lidar_ws/src/rplidar_ros/sdk/src/sl_udp_channel.cpp:104:29:[m[K [01;35m[Kwarning: [m[Kunused parameter ‘[01m[Kflag[m[K’ [[01;35m[K-Wunused-parameter[m[K]
[6.791s]   104 |         void setStatus([01;35m[K_u32 flag[m[K){}
[6.791s]       |                        [01;35m[K~~~~~^~~~[m[K
[6.876s] [ 96%] [32m[1mLinking CXX executable rplidar_node[0m
[6.923s] [100%] [32m[1mLinking CXX executable rplidar_client[0m
[7.133s] [100%] Built target rplidar_node
[7.225s] [100%] Built target rplidar_client
[7.238s] Invoked command in '/home/mikrobagger/lidar_ws/build/rplidar_ros' returned '0': CMAKE_PREFIX_PATH=${CMAKE_PREFIX_PATH}:/home/mikrobagger/dev_ws/install/comm_py:/opt/ros/foxy /usr/bin/cmake --build /home/mikrobagger/lidar_ws/build/rplidar_ros -- -j4 -l4
[7.295s] Invoking command in '/home/mikrobagger/lidar_ws/build/rplidar_ros': CMAKE_PREFIX_PATH=${CMAKE_PREFIX_PATH}:/home/mikrobagger/dev_ws/install/comm_py:/opt/ros/foxy /usr/bin/cmake --install /home/mikrobagger/lidar_ws/build/rplidar_ros
[7.303s] -- Install configuration: ""
[7.304s] -- Execute custom install script
[7.305s] -- Symlinking: /home/mikrobagger/lidar_ws/install/rplidar_ros/share/rplidar_ros/launch/rplidar_a1_launch.py
[7.314s] -- Symlinking: /home/mikrobagger/lidar_ws/install/rplidar_ros/share/rplidar_ros/launch/rplidar_a2m12_launch.py
[7.324s] -- Symlinking: /home/mikrobagger/lidar_ws/install/rplidar_ros/share/rplidar_ros/launch/rplidar_a2m7_launch.py
[7.334s] -- Symlinking: /home/mikrobagger/lidar_ws/install/rplidar_ros/share/rplidar_ros/launch/rplidar_a2m8_launch.py
[7.344s] -- Symlinking: /home/mikrobagger/lidar_ws/install/rplidar_ros/share/rplidar_ros/launch/rplidar_a3_launch.py
[7.353s] -- Symlinking: /home/mikrobagger/lidar_ws/install/rplidar_ros/share/rplidar_ros/launch/rplidar_s1_launch.py
[7.363s] -- Symlinking: /home/mikrobagger/lidar_ws/install/rplidar_ros/share/rplidar_ros/launch/rplidar_s1_tcp_launch.py
[7.372s] -- Symlinking: /home/mikrobagger/lidar_ws/install/rplidar_ros/share/rplidar_ros/launch/rplidar_s2_launch.py
[7.381s] -- Symlinking: /home/mikrobagger/lidar_ws/install/rplidar_ros/share/rplidar_ros/launch/rplidar_s2e_launch.py
[7.390s] -- Symlinking: /home/mikrobagger/lidar_ws/install/rplidar_ros/share/rplidar_ros/launch/rplidar_s3_launch.py
[7.399s] -- Symlinking: /home/mikrobagger/lidar_ws/install/rplidar_ros/share/rplidar_ros/launch/rplidar_t1_launch.py
[7.409s] -- Symlinking: /home/mikrobagger/lidar_ws/install/rplidar_ros/share/rplidar_ros/launch/view_rplidar_a1_launch.py
[7.418s] -- Symlinking: /home/mikrobagger/lidar_ws/install/rplidar_ros/share/rplidar_ros/launch/view_rplidar_a2m12_launch.py
[7.427s] -- Symlinking: /home/mikrobagger/lidar_ws/install/rplidar_ros/share/rplidar_ros/launch/view_rplidar_a2m7_launch.py
[7.437s] -- Symlinking: /home/mikrobagger/lidar_ws/install/rplidar_ros/share/rplidar_ros/launch/view_rplidar_a2m8_launch.py
[7.446s] -- Symlinking: /home/mikrobagger/lidar_ws/install/rplidar_ros/share/rplidar_ros/launch/view_rplidar_a3_launch.py
[7.456s] -- Symlinking: /home/mikrobagger/lidar_ws/install/rplidar_ros/share/rplidar_ros/launch/view_rplidar_s1_launch.py
[7.465s] -- Symlinking: /home/mikrobagger/lidar_ws/install/rplidar_ros/share/rplidar_ros/launch/view_rplidar_s1_tcp_launch.py
[7.474s] -- Symlinking: /home/mikrobagger/lidar_ws/install/rplidar_ros/share/rplidar_ros/launch/view_rplidar_s2_launch.py
[7.483s] -- Symlinking: /home/mikrobagger/lidar_ws/install/rplidar_ros/share/rplidar_ros/launch/view_rplidar_s2e_launch.py
[7.493s] -- Symlinking: /home/mikrobagger/lidar_ws/install/rplidar_ros/share/rplidar_ros/launch/view_rplidar_s3_launch.py
[7.502s] -- Symlinking: /home/mikrobagger/lidar_ws/install/rplidar_ros/share/rplidar_ros/launch/view_rplidar_t1_launch.py
[7.511s] -- Symlinking: /home/mikrobagger/lidar_ws/install/rplidar_ros/share/rplidar_ros/rviz/rplidar_ros.rviz
[7.522s] -- Symlinking: /home/mikrobagger/lidar_ws/install/rplidar_ros/lib/rplidar_ros/rplidar_node
[7.531s] -- Symlinking: /home/mikrobagger/lidar_ws/install/rplidar_ros/lib/rplidar_ros/rplidar_composition
[7.541s] -- Symlinking: /home/mikrobagger/lidar_ws/install/rplidar_ros/lib/rplidar_ros/rplidar_client
[7.550s] -- Symlinking: /home/mikrobagger/lidar_ws/install/rplidar_ros/share/ament_index/resource_index/package_run_dependencies/rplidar_ros
[7.560s] -- Symlinking: /home/mikrobagger/lidar_ws/install/rplidar_ros/share/ament_index/resource_index/parent_prefix_path/rplidar_ros
[7.569s] -- Symlinking: /home/mikrobagger/lidar_ws/install/rplidar_ros/share/rplidar_ros/environment/ament_prefix_path.sh
[7.578s] -- Symlinking: /home/mikrobagger/lidar_ws/install/rplidar_ros/share/rplidar_ros/environment/ament_prefix_path.dsv
[7.588s] -- Symlinking: /home/mikrobagger/lidar_ws/install/rplidar_ros/share/rplidar_ros/environment/path.sh
[7.597s] -- Symlinking: /home/mikrobagger/lidar_ws/install/rplidar_ros/share/rplidar_ros/environment/path.dsv
[7.606s] -- Symlinking: /home/mikrobagger/lidar_ws/install/rplidar_ros/share/rplidar_ros/local_setup.bash
[7.615s] -- Symlinking: /home/mikrobagger/lidar_ws/install/rplidar_ros/share/rplidar_ros/local_setup.sh
[7.626s] -- Symlinking: /home/mikrobagger/lidar_ws/install/rplidar_ros/share/rplidar_ros/local_setup.zsh
[7.635s] -- Symlinking: /home/mikrobagger/lidar_ws/install/rplidar_ros/share/rplidar_ros/local_setup.dsv
[7.645s] -- Symlinking: /home/mikrobagger/lidar_ws/install/rplidar_ros/share/rplidar_ros/package.dsv
[7.654s] -- Symlinking: /home/mikrobagger/lidar_ws/install/rplidar_ros/share/ament_index/resource_index/packages/rplidar_ros
[7.664s] -- Symlinking: /home/mikrobagger/lidar_ws/install/rplidar_ros/share/rplidar_ros/cmake/ament_cmake_export_dependencies-extras.cmake
[7.673s] -- Symlinking: /home/mikrobagger/lidar_ws/install/rplidar_ros/share/rplidar_ros/cmake/ament_cmake_export_include_directories-extras.cmake
[7.682s] -- Symlinking: /home/mikrobagger/lidar_ws/install/rplidar_ros/share/rplidar_ros/cmake/rplidar_rosConfig.cmake
[7.692s] -- Symlinking: /home/mikrobagger/lidar_ws/install/rplidar_ros/share/rplidar_ros/cmake/rplidar_rosConfig-version.cmake
[7.701s] -- Symlinking: /home/mikrobagger/lidar_ws/install/rplidar_ros/share/rplidar_ros/package.xml
[7.712s] Invoked command in '/home/mikrobagger/lidar_ws/build/rplidar_ros' returned '0': CMAKE_PREFIX_PATH=${CMAKE_PREFIX_PATH}:/home/mikrobagger/dev_ws/install/comm_py:/opt/ros/foxy /usr/bin/cmake --install /home/mikrobagger/lidar_ws/build/rplidar_ros
